  camera.cpp
C:\Users\dboya\source\repos\CS480-Computer-GFX-Final-Project\camera.cpp(21,13): warning C4244: '=': conversion from 'int' to 'float', possible loss of data
C:\Users\dboya\source\repos\CS480-Computer-GFX-Final-Project\camera.cpp(22,14): warning C4244: '=': conversion from 'int' to 'float', possible loss of data
C:\Users\dboya\source\repos\CS480-Computer-GFX-Final-Project\camera.cpp(111,16): warning C4244: 'initializing': conversion from 'double' to 'float', possible loss of data
C:\Users\dboya\source\repos\CS480-Computer-GFX-Final-Project\camera.cpp(112,16): warning C4244: 'initializing': conversion from 'double' to 'float', possible loss of data
C:\Users\dboya\source\repos\CS480-Computer-GFX-Final-Project\camera.cpp(124,17): warning C4244: '=': conversion from 'double' to 'float', possible loss of data
C:\Users\dboya\source\repos\CS480-Computer-GFX-Final-Project\camera.cpp(125,17): warning C4244: '=': conversion from 'double' to 'float', possible loss of data
C:\Users\dboya\source\repos\CS480-Computer-GFX-Final-Project\camera.cpp(128,22): warning C4244: '=': conversion from 'double' to 'float', possible loss of data
C:\Users\dboya\source\repos\CS480-Computer-GFX-Final-Project\camera.cpp(129,21): warning C4244: '=': conversion from 'double' to 'float', possible loss of data
C:\Users\dboya\source\repos\CS480-Computer-GFX-Final-Project\camera.cpp(130,13): warning C4244: '=': conversion from 'double' to 'float', possible loss of data
C:\Users\dboya\source\repos\CS480-Computer-GFX-Final-Project\camera.cpp(131,13): warning C4244: '=': conversion from 'double' to 'float', possible loss of data
glfw3.lib(input.obj) : warning LNK4099: PDB 'glfw3.pdb' was not found with 'glfw3.lib(input.obj)' or at 'C:\Users\dboya\source\repos\CS 480 git\x64\Debug\glfw3.pdb'; linking object as if no debug info
glfw3.lib(window.obj) : warning LNK4099: PDB 'glfw3.pdb' was not found with 'glfw3.lib(window.obj)' or at 'C:\Users\dboya\source\repos\CS 480 git\x64\Debug\glfw3.pdb'; linking object as if no debug info
glfw3.lib(init.obj) : warning LNK4099: PDB 'glfw3.pdb' was not found with 'glfw3.lib(init.obj)' or at 'C:\Users\dboya\source\repos\CS 480 git\x64\Debug\glfw3.pdb'; linking object as if no debug info
glfw3.lib(context.obj) : warning LNK4099: PDB 'glfw3.pdb' was not found with 'glfw3.lib(context.obj)' or at 'C:\Users\dboya\source\repos\CS 480 git\x64\Debug\glfw3.pdb'; linking object as if no debug info
glfw3.lib(win32_window.obj) : warning LNK4099: PDB 'glfw3.pdb' was not found with 'glfw3.lib(win32_window.obj)' or at 'C:\Users\dboya\source\repos\CS 480 git\x64\Debug\glfw3.pdb'; linking object as if no debug info
glfw3.lib(win32_joystick.obj) : warning LNK4099: PDB 'glfw3.pdb' was not found with 'glfw3.lib(win32_joystick.obj)' or at 'C:\Users\dboya\source\repos\CS 480 git\x64\Debug\glfw3.pdb'; linking object as if no debug info
glfw3.lib(win32_time.obj) : warning LNK4099: PDB 'glfw3.pdb' was not found with 'glfw3.lib(win32_time.obj)' or at 'C:\Users\dboya\source\repos\CS 480 git\x64\Debug\glfw3.pdb'; linking object as if no debug info
glfw3.lib(win32_thread.obj) : warning LNK4099: PDB 'glfw3.pdb' was not found with 'glfw3.lib(win32_thread.obj)' or at 'C:\Users\dboya\source\repos\CS 480 git\x64\Debug\glfw3.pdb'; linking object as if no debug info
glfw3.lib(win32_init.obj) : warning LNK4099: PDB 'glfw3.pdb' was not found with 'glfw3.lib(win32_init.obj)' or at 'C:\Users\dboya\source\repos\CS 480 git\x64\Debug\glfw3.pdb'; linking object as if no debug info
glfw3.lib(win32_monitor.obj) : warning LNK4099: PDB 'glfw3.pdb' was not found with 'glfw3.lib(win32_monitor.obj)' or at 'C:\Users\dboya\source\repos\CS 480 git\x64\Debug\glfw3.pdb'; linking object as if no debug info
glfw3.lib(monitor.obj) : warning LNK4099: PDB 'glfw3.pdb' was not found with 'glfw3.lib(monitor.obj)' or at 'C:\Users\dboya\source\repos\CS 480 git\x64\Debug\glfw3.pdb'; linking object as if no debug info
glfw3.lib(vulkan.obj) : warning LNK4099: PDB 'glfw3.pdb' was not found with 'glfw3.lib(vulkan.obj)' or at 'C:\Users\dboya\source\repos\CS 480 git\x64\Debug\glfw3.pdb'; linking object as if no debug info
glfw3.lib(wgl_context.obj) : warning LNK4099: PDB 'glfw3.pdb' was not found with 'glfw3.lib(wgl_context.obj)' or at 'C:\Users\dboya\source\repos\CS 480 git\x64\Debug\glfw3.pdb'; linking object as if no debug info
glfw3.lib(egl_context.obj) : warning LNK4099: PDB 'glfw3.pdb' was not found with 'glfw3.lib(egl_context.obj)' or at 'C:\Users\dboya\source\repos\CS 480 git\x64\Debug\glfw3.pdb'; linking object as if no debug info
glfw3.lib(osmesa_context.obj) : warning LNK4099: PDB 'glfw3.pdb' was not found with 'glfw3.lib(osmesa_context.obj)' or at 'C:\Users\dboya\source\repos\CS 480 git\x64\Debug\glfw3.pdb'; linking object as if no debug info
soil2-debug.lib(SOIL2.obj) : warning LNK4099: PDB 'soil2-debug.pdb' was not found with 'soil2-debug.lib(SOIL2.obj)' or at 'C:\Users\dboya\source\repos\CS 480 git\x64\Debug\soil2-debug.pdb'; linking object as if no debug info
soil2-debug.lib(image_DXT.obj) : warning LNK4099: PDB 'soil2-debug.pdb' was not found with 'soil2-debug.lib(image_DXT.obj)' or at 'C:\Users\dboya\source\repos\CS 480 git\x64\Debug\soil2-debug.pdb'; linking object as if no debug info
soil2-debug.lib(wfETC.obj) : warning LNK4099: PDB 'soil2-debug.pdb' was not found with 'soil2-debug.lib(wfETC.obj)' or at 'C:\Users\dboya\source\repos\CS 480 git\x64\Debug\soil2-debug.pdb'; linking object as if no debug info
soil2-debug.lib(image_helper.obj) : warning LNK4099: PDB 'soil2-debug.pdb' was not found with 'soil2-debug.lib(image_helper.obj)' or at 'C:\Users\dboya\source\repos\CS 480 git\x64\Debug\soil2-debug.pdb'; linking object as if no debug info
  CS 480 git.vcxproj -> C:\Users\dboya\source\repos\CS 480 git\x64\Debug\CS 480 git.exe
